2024-12-03 09:05:52,407 INFO o.a.j.u.JMeterUtils: Setting Locale to en_EN
2024-12-03 09:05:52,430 INFO o.a.j.JMeter: Loading user properties from: C:\Users\stlp\Downloads\apache-jmeter-5.6.3\apache-jmeter-5.6.3\bin\user.properties
2024-12-03 09:05:52,430 INFO o.a.j.JMeter: Loading system properties from: C:\Users\stlp\Downloads\apache-jmeter-5.6.3\apache-jmeter-5.6.3\bin\system.properties
2024-12-03 09:05:52,437 INFO o.a.j.JMeter: Copyright (c) 1998-2024 The Apache Software Foundation
2024-12-03 09:05:52,437 INFO o.a.j.JMeter: Version 5.6.3
2024-12-03 09:05:52,437 INFO o.a.j.JMeter: java.version=17.0.13
2024-12-03 09:05:52,437 INFO o.a.j.JMeter: java.vm.name=Java HotSpot(TM) 64-Bit Server VM
2024-12-03 09:05:52,437 INFO o.a.j.JMeter: os.name=Windows 11
2024-12-03 09:05:52,437 INFO o.a.j.JMeter: os.arch=amd64
2024-12-03 09:05:52,437 INFO o.a.j.JMeter: os.version=10.0
2024-12-03 09:05:52,438 INFO o.a.j.JMeter: file.encoding=Cp1252
2024-12-03 09:05:52,438 INFO o.a.j.JMeter: java.awt.headless=true
2024-12-03 09:05:52,438 INFO o.a.j.JMeter: Max memory     =1073741824
2024-12-03 09:05:52,438 INFO o.a.j.JMeter: Available Processors =8
2024-12-03 09:05:52,446 INFO o.a.j.JMeter: Default Locale=English (EN)
2024-12-03 09:05:52,446 INFO o.a.j.JMeter: JMeter  Locale=English (EN)
2024-12-03 09:05:52,446 INFO o.a.j.JMeter: JMeterHome=C:\Users\stlp\Downloads\apache-jmeter-5.6.3\apache-jmeter-5.6.3
2024-12-03 09:05:52,446 INFO o.a.j.JMeter: user.dir  =C:\Users\stlp\OneDrive\Desktop\589\Build
2024-12-03 09:05:52,446 INFO o.a.j.JMeter: PWD       =C:\Users\stlp\OneDrive\Desktop\589\Build
2024-12-03 09:05:52,448 INFO o.a.j.JMeter: IP: 10.0.0.220 Name: STLP-0933 FullName: host.docker.internal
2024-12-03 09:05:52,462 INFO o.a.j.JMeter: Setting property 'jmeter.reportgenerator.outputdir' to:'C:\Users\stlp\OneDrive\Desktop\589\Build\.\html-report'
2024-12-03 09:05:52,465 INFO o.a.j.s.FileServer: Default base='C:\Users\stlp\OneDrive\Desktop\589\Build'
2024-12-03 09:05:52,466 INFO o.a.j.s.FileServer: Set new base='C:\Users\stlp\OneDrive\Desktop\589\Build'
2024-12-03 09:05:52,631 INFO o.a.j.s.SaveService: Testplan (JMX) version: 2.2. Testlog (JTL) version: 2.2
2024-12-03 09:05:52,650 INFO o.a.j.s.SaveService: Using SaveService properties version 5.0
2024-12-03 09:05:52,652 INFO o.a.j.s.SaveService: Using SaveService properties file encoding UTF-8
2024-12-03 09:05:52,655 INFO o.a.j.s.SaveService: Loading file: test.jmx
2024-12-03 09:05:52,703 INFO o.a.j.p.h.s.HTTPSamplerBase: Parser for text/html is org.apache.jmeter.protocol.http.parser.LagartoBasedHtmlParser
2024-12-03 09:05:52,703 INFO o.a.j.p.h.s.HTTPSamplerBase: Parser for application/xhtml+xml is org.apache.jmeter.protocol.http.parser.LagartoBasedHtmlParser
2024-12-03 09:05:52,703 INFO o.a.j.p.h.s.HTTPSamplerBase: Parser for application/xml is org.apache.jmeter.protocol.http.parser.LagartoBasedHtmlParser
2024-12-03 09:05:52,703 INFO o.a.j.p.h.s.HTTPSamplerBase: Parser for text/xml is org.apache.jmeter.protocol.http.parser.LagartoBasedHtmlParser
2024-12-03 09:05:52,703 INFO o.a.j.p.h.s.HTTPSamplerBase: Parser for text/vnd.wap.wml is org.apache.jmeter.protocol.http.parser.RegexpHTMLParser
2024-12-03 09:05:52,703 INFO o.a.j.p.h.s.HTTPSamplerBase: Parser for text/css is org.apache.jmeter.protocol.http.parser.CssParser
2024-12-03 09:05:52,710 INFO o.a.j.JMeter: Creating summariser <summary>
2024-12-03 09:05:52,721 INFO o.a.j.r.d.ReportGenerator: ReportGenerator will use for Parsing the separator: ','
2024-12-03 09:05:52,722 INFO o.a.j.r.d.ReportGenerator: Will generate report at end of test from  results file: results.jtl
2024-12-03 09:05:52,722 INFO o.a.j.r.d.ReportGenerator: Reading report generator properties from: C:\Users\stlp\Downloads\apache-jmeter-5.6.3\apache-jmeter-5.6.3\bin\reportgenerator.properties
2024-12-03 09:05:52,722 INFO o.a.j.r.d.ReportGenerator: Merging with JMeter properties
2024-12-03 09:05:52,725 INFO o.a.j.r.c.ReportGeneratorConfiguration: Property 'jmeter.reportgenerator.temp_dir' not found, using default value 'temp' instead.
2024-12-03 09:05:52,728 INFO o.a.j.r.c.ReportGeneratorConfiguration: Property 'jmeter.reportgenerator.apdex_per_transaction' not found, using default value 'null' instead.
2024-12-03 09:05:52,728 INFO o.a.j.r.c.ReportGeneratorConfiguration: apdex_per_transaction is empty, not APDEX per transaction customization
2024-12-03 09:05:52,728 INFO o.a.j.r.c.ReportGeneratorConfiguration: Property 'jmeter.reportgenerator.sample_filter' not found, using default value 'null' instead.
2024-12-03 09:05:52,729 INFO o.a.j.r.c.ReportGeneratorConfiguration: Property 'jmeter.reportgenerator.report_title' not found, using default value 'null' instead.
2024-12-03 09:05:52,729 INFO o.a.j.r.c.ReportGeneratorConfiguration: Property 'jmeter.reportgenerator.start_date' not found, using default value 'null' instead.
2024-12-03 09:05:52,729 INFO o.a.j.r.c.ReportGeneratorConfiguration: Property 'jmeter.reportgenerator.end_date' not found, using default value 'null' instead.
2024-12-03 09:05:52,729 INFO o.a.j.r.c.ReportGeneratorConfiguration: Property 'jmeter.reportgenerator.date_format' not found, using default value 'null' instead.
2024-12-03 09:05:52,729 INFO o.a.j.r.c.ReportGeneratorConfiguration: Will use date range start date: null, end date: null
2024-12-03 09:05:52,732 INFO o.a.j.r.c.ReportGeneratorConfiguration: Property 'jmeter.reportgenerator.graph.totalTPS.exclude_controllers' not found, using default value 'false' instead.
2024-12-03 09:05:52,732 INFO o.a.j.r.c.ReportGeneratorConfiguration: Property 'jmeter.reportgenerator.graph.activeThreadsOverTime.exclude_controllers' not found, using default value 'false' instead.
2024-12-03 09:05:52,732 INFO o.a.j.r.c.ReportGeneratorConfiguration: Property 'jmeter.reportgenerator.graph.timeVsThreads.exclude_controllers' not found, using default value 'false' instead.
2024-12-03 09:05:52,732 INFO o.a.j.r.c.ReportGeneratorConfiguration: Property 'jmeter.reportgenerator.graph.responseTimeDistribution.exclude_controllers' not found, using default value 'false' instead.
2024-12-03 09:05:52,732 INFO o.a.j.r.c.ReportGeneratorConfiguration: Property 'jmeter.reportgenerator.graph.transactionsPerSecond.exclude_controllers' not found, using default value 'false' instead.
2024-12-03 09:05:52,732 INFO o.a.j.r.c.ReportGeneratorConfiguration: Property 'jmeter.reportgenerator.graph.responseTimePercentiles.exclude_controllers' not found, using default value 'false' instead.
2024-12-03 09:05:52,732 INFO o.a.j.r.c.ReportGeneratorConfiguration: Property 'jmeter.reportgenerator.graph.responseTimePercentilesOverTime.exclude_controllers' not found, using default value 'false' instead.
2024-12-03 09:05:52,733 INFO o.a.j.r.c.ReportGeneratorConfiguration: Property 'jmeter.reportgenerator.graph.responseTimesOverTime.exclude_controllers' not found, using default value 'false' instead.
2024-12-03 09:05:52,733 INFO o.a.j.r.c.ReportGeneratorConfiguration: Property 'jmeter.reportgenerator.graph.connectTimeOverTime.exclude_controllers' not found, using default value 'false' instead.
2024-12-03 09:05:52,733 INFO o.a.j.r.c.ReportGeneratorConfiguration: Property 'jmeter.reportgenerator.graph.latenciesOverTime.exclude_controllers' not found, using default value 'false' instead.
2024-12-03 09:05:52,733 INFO o.a.j.r.c.ReportGeneratorConfiguration: Property 'jmeter.reportgenerator.exporter.json.filters_only_sample_series' not found, using default value 'true' instead.
2024-12-03 09:05:52,735 INFO o.a.j.r.c.ReportGeneratorConfiguration: Property 'jmeter.reportgenerator.exporter.json.series_filter' not found, using default value '' instead.
2024-12-03 09:05:52,735 INFO o.a.j.r.c.ReportGeneratorConfiguration: Property 'jmeter.reportgenerator.exporter.json.show_controllers_only' not found, using default value 'false' instead.
2024-12-03 09:05:52,735 INFO o.a.j.r.c.ReportGeneratorConfiguration: Property 'jmeter.reportgenerator.exporter.html.filters_only_sample_series' not found, using default value 'true' instead.
2024-12-03 09:05:52,735 INFO o.a.j.r.c.ReportGeneratorConfiguration: Property 'jmeter.reportgenerator.exporter.html.series_filter' not found, using default value '' instead.
2024-12-03 09:05:52,735 INFO o.a.j.r.c.ReportGeneratorConfiguration: Property 'jmeter.reportgenerator.exporter.html.show_controllers_only' not found, using default value 'false' instead.
2024-12-03 09:05:52,745 INFO o.a.j.e.StandardJMeterEngine: Running the test!
2024-12-03 09:05:52,746 INFO o.a.j.s.SampleEvent: List of sample_variables: []
2024-12-03 09:05:52,746 INFO o.a.j.s.SampleEvent: List of sample_variables: []
2024-12-03 09:05:52,750 INFO o.a.j.e.u.CompoundVariable: Note: Function class names must contain the string: '.functions.'
2024-12-03 09:05:52,750 INFO o.a.j.e.u.CompoundVariable: Note: Function class names must not contain the string: '.gui.'
2024-12-03 09:05:52,823 INFO o.a.j.JMeter: Running test (1733245552823)
2024-12-03 09:05:52,838 INFO o.a.j.e.StandardJMeterEngine: Starting ThreadGroup: 1 : Thread Group
2024-12-03 09:05:52,838 INFO o.a.j.e.StandardJMeterEngine: Starting 20 threads for group Thread Group.
2024-12-03 09:05:52,838 INFO o.a.j.e.StandardJMeterEngine: Thread will continue on error
2024-12-03 09:05:52,838 INFO o.a.j.t.ThreadGroup: Starting thread group... number=1 threads=20 ramp-up=5 delayedStart=false
2024-12-03 09:05:52,846 INFO o.a.j.t.JMeterThread: Thread started: Thread Group 1-1
2024-12-03 09:05:52,850 INFO o.a.j.t.ThreadGroup: Started thread group number 1
2024-12-03 09:05:52,851 INFO o.a.j.e.StandardJMeterEngine: All thread groups have been started
2024-12-03 09:05:52,859 INFO o.a.j.p.h.s.HTTPHCAbstractImpl: Local host = STLP-0933
2024-12-03 09:05:52,865 INFO o.a.j.p.h.s.HTTPHC4Impl: HTTP request retry count = 0
2024-12-03 09:05:52,866 INFO o.a.j.s.SampleResult: Note: Sample TimeStamps are START times
2024-12-03 09:05:52,866 INFO o.a.j.s.SampleResult: sampleresult.default.encoding is set to UTF-8
2024-12-03 09:05:52,866 INFO o.a.j.s.SampleResult: sampleresult.useNanoTime=true
2024-12-03 09:05:52,866 INFO o.a.j.s.SampleResult: sampleresult.nanoThreadSleep=5000
2024-12-03 09:05:52,969 INFO o.a.j.p.h.s.h.LazyLayeredConnectionSocketFactory: Setting up HTTPS TrustAll Socket Factory
2024-12-03 09:05:52,977 INFO o.a.j.u.JsseSSLManager: Using default SSL protocol: TLS
2024-12-03 09:05:52,977 INFO o.a.j.u.JsseSSLManager: SSL session context: per-thread
2024-12-03 09:05:53,093 INFO o.a.j.t.JMeterThread: Thread started: Thread Group 1-2
2024-12-03 09:05:53,094 INFO o.a.j.u.SSLManager: JmeterKeyStore Location:  type JKS
2024-12-03 09:05:53,099 INFO o.a.j.u.SSLManager: KeyStore created OK
2024-12-03 09:05:53,099 WARN o.a.j.u.SSLManager: Keystore file not found, loading empty keystore
2024-12-03 09:05:53,343 INFO o.a.j.t.JMeterThread: Thread started: Thread Group 1-3
2024-12-03 09:05:53,593 INFO o.a.j.t.JMeterThread: Thread started: Thread Group 1-4
2024-12-03 09:05:54,527 INFO o.a.j.t.JMeterThread: Thread started: Thread Group 1-5
2024-12-03 09:05:54,528 INFO o.a.j.t.JMeterThread: Thread started: Thread Group 1-6
2024-12-03 09:05:54,528 INFO o.a.j.t.JMeterThread: Thread started: Thread Group 1-7
2024-12-03 09:05:54,590 INFO o.a.j.t.JMeterThread: Thread started: Thread Group 1-8
2024-12-03 09:05:54,840 INFO o.a.j.t.JMeterThread: Thread started: Thread Group 1-9
2024-12-03 09:05:55,089 INFO o.a.j.t.JMeterThread: Thread started: Thread Group 1-10
2024-12-03 09:05:55,341 INFO o.a.j.t.JMeterThread: Thread started: Thread Group 1-11
2024-12-03 09:05:55,590 INFO o.a.j.t.JMeterThread: Thread started: Thread Group 1-12
2024-12-03 09:05:55,840 INFO o.a.j.t.JMeterThread: Thread started: Thread Group 1-13
2024-12-03 09:05:56,017 INFO o.a.j.t.JMeterThread: Thread is done: Thread Group 1-1
2024-12-03 09:05:56,017 INFO o.a.j.t.JMeterThread: Thread finished: Thread Group 1-1
2024-12-03 09:05:56,089 INFO o.a.j.t.JMeterThread: Thread started: Thread Group 1-14
2024-12-03 09:05:56,338 INFO o.a.j.t.JMeterThread: Thread started: Thread Group 1-15
2024-12-03 09:05:56,588 INFO o.a.j.t.JMeterThread: Thread started: Thread Group 1-16
2024-12-03 09:05:56,839 INFO o.a.j.t.JMeterThread: Thread started: Thread Group 1-17
2024-12-03 09:05:57,089 INFO o.a.j.t.JMeterThread: Thread started: Thread Group 1-18
2024-12-03 09:05:57,339 INFO o.a.j.t.JMeterThread: Thread started: Thread Group 1-19
2024-12-03 09:05:57,590 INFO o.a.j.t.JMeterThread: Thread started: Thread Group 1-20
2024-12-03 09:06:00,001 INFO o.a.j.r.Summariser: summary +     68 in 00:00:07 =    9.5/s Avg:  1031 Min:   122 Max:  3077 Err:     0 (0.00%) Active: 19 Started: 20 Finished: 1
2024-12-03 09:06:00,002 INFO o.a.j.t.JMeterThread: Thread is done: Thread Group 1-2
2024-12-03 09:06:00,002 INFO o.a.j.t.JMeterThread: Thread finished: Thread Group 1-2
2024-12-03 09:06:05,875 INFO o.a.j.t.JMeterThread: Thread is done: Thread Group 1-20
2024-12-03 09:06:05,876 INFO o.a.j.t.JMeterThread: Thread finished: Thread Group 1-20
2024-12-03 09:06:07,653 INFO o.a.j.t.JMeterThread: Thread is done: Thread Group 1-14
2024-12-03 09:06:07,653 INFO o.a.j.t.JMeterThread: Thread finished: Thread Group 1-14
2024-12-03 09:06:09,652 INFO o.a.j.t.JMeterThread: Thread is done: Thread Group 1-10
2024-12-03 09:06:09,652 INFO o.a.j.t.JMeterThread: Thread finished: Thread Group 1-10
2024-12-03 09:06:10,014 INFO o.a.j.t.JMeterThread: Thread is done: Thread Group 1-3
2024-12-03 09:06:10,014 INFO o.a.j.t.JMeterThread: Thread finished: Thread Group 1-3
2024-12-03 09:06:10,285 INFO o.a.j.t.JMeterThread: Thread is done: Thread Group 1-12
2024-12-03 09:06:10,286 INFO o.a.j.t.JMeterThread: Thread finished: Thread Group 1-12
2024-12-03 09:06:11,155 INFO o.a.j.t.JMeterThread: Thread is done: Thread Group 1-4
2024-12-03 09:06:11,155 INFO o.a.j.t.JMeterThread: Thread finished: Thread Group 1-4
2024-12-03 09:06:11,175 INFO o.a.j.t.JMeterThread: Thread is done: Thread Group 1-17
2024-12-03 09:06:11,176 INFO o.a.j.t.JMeterThread: Thread finished: Thread Group 1-17
2024-12-03 09:06:11,500 INFO o.a.j.t.JMeterThread: Thread is done: Thread Group 1-5
2024-12-03 09:06:11,501 INFO o.a.j.t.JMeterThread: Thread finished: Thread Group 1-5
2024-12-03 09:06:11,663 INFO o.a.j.t.JMeterThread: Thread is done: Thread Group 1-15
2024-12-03 09:06:11,663 INFO o.a.j.t.JMeterThread: Thread finished: Thread Group 1-15
2024-12-03 09:06:11,675 INFO o.a.j.t.JMeterThread: Thread is done: Thread Group 1-7
2024-12-03 09:06:11,675 INFO o.a.j.t.JMeterThread: Thread finished: Thread Group 1-7
2024-12-03 09:06:11,957 INFO o.a.j.t.JMeterThread: Thread is done: Thread Group 1-6
2024-12-03 09:06:11,957 INFO o.a.j.t.JMeterThread: Thread is done: Thread Group 1-11
2024-12-03 09:06:11,957 INFO o.a.j.t.JMeterThread: Thread finished: Thread Group 1-6
2024-12-03 09:06:11,957 INFO o.a.j.t.JMeterThread: Thread finished: Thread Group 1-11
2024-12-03 09:06:13,438 INFO o.a.j.t.JMeterThread: Thread is done: Thread Group 1-8
2024-12-03 09:06:13,438 INFO o.a.j.t.JMeterThread: Thread finished: Thread Group 1-8
2024-12-03 09:06:13,597 INFO o.a.j.t.JMeterThread: Thread is done: Thread Group 1-19
2024-12-03 09:06:13,597 INFO o.a.j.t.JMeterThread: Thread finished: Thread Group 1-19
2024-12-03 09:06:13,614 INFO o.a.j.t.JMeterThread: Thread is done: Thread Group 1-9
2024-12-03 09:06:13,614 INFO o.a.j.t.JMeterThread: Thread finished: Thread Group 1-9
2024-12-03 09:06:13,753 INFO o.a.j.t.JMeterThread: Thread is done: Thread Group 1-16
2024-12-03 09:06:13,754 INFO o.a.j.t.JMeterThread: Thread finished: Thread Group 1-16
2024-12-03 09:06:14,151 INFO o.a.j.t.JMeterThread: Thread is done: Thread Group 1-18
2024-12-03 09:06:14,151 INFO o.a.j.t.JMeterThread: Thread finished: Thread Group 1-18
2024-12-03 09:06:15,908 INFO o.a.j.t.JMeterThread: Thread is done: Thread Group 1-13
2024-12-03 09:06:15,908 INFO o.a.j.t.JMeterThread: Thread finished: Thread Group 1-13
2024-12-03 09:06:15,908 INFO o.a.j.e.StandardJMeterEngine: Notifying test listeners of end of test
2024-12-03 09:06:15,909 INFO o.a.j.r.Summariser: summary +    172 in 00:00:16 =   10.8/s Avg:  1331 Min:   276 Max:  6727 Err:     0 (0.00%) Active: 0 Started: 20 Finished: 20
2024-12-03 09:06:15,911 INFO o.a.j.r.Summariser: summary =    240 in 00:00:23 =   10.4/s Avg:  1246 Min:   122 Max:  6727 Err:     0 (0.00%)
2024-12-03 09:06:15,911 INFO o.a.j.JMeter: Generating Dashboard
2024-12-03 09:06:15,911 INFO o.a.j.r.d.ReportGenerator: Flushing result collector before report Generation
2024-12-03 09:06:15,924 INFO o.a.j.r.p.NormalizerSampleConsumer: Using format, 'ms', to parse timeStamp field
2024-12-03 09:06:16,035 INFO o.a.j.r.p.AbstractSampleConsumer: class org.apache.jmeter.report.processor.AggregateConsumer#stopProducing(): beginDate produced 0 samples
2024-12-03 09:06:16,035 INFO o.a.j.r.p.AbstractSampleConsumer: class org.apache.jmeter.report.processor.AggregateConsumer#stopProducing(): endDate produced 0 samples
2024-12-03 09:06:16,038 INFO o.a.j.r.p.AbstractSampleConsumer: class org.apache.jmeter.report.processor.ApdexSummaryConsumer#stopProducing(): apdexSummary produced 0 samples
2024-12-03 09:06:16,038 INFO o.a.j.r.p.AbstractSampleConsumer: class org.apache.jmeter.report.processor.RequestsSummaryConsumer#stopProducing(): requestsSummary produced 0 samples
2024-12-03 09:06:16,045 INFO o.a.j.r.p.AbstractSampleConsumer: class org.apache.jmeter.report.processor.StatisticsSummaryConsumer#stopProducing(): statisticsSummary produced 0 samples
2024-12-03 09:06:16,047 INFO o.a.j.r.p.AbstractSampleConsumer: class org.apache.jmeter.report.processor.Top5ErrorsBySamplerConsumer#stopProducing(): top5ErrorsBySampler produced 0 samples
2024-12-03 09:06:16,048 INFO o.a.j.r.p.AbstractSampleConsumer: class org.apache.jmeter.report.processor.ErrorsSummaryConsumer#stopProducing(): errorsSummary produced 0 samples
2024-12-03 09:06:16,048 INFO o.a.j.r.p.AbstractSampleConsumer: class org.apache.jmeter.report.processor.graph.impl.HitsPerSecondGraphConsumer#stopProducing(): hitsPerSecond produced 0 samples
2024-12-03 09:06:16,069 INFO o.a.j.r.p.AbstractSampleConsumer: class org.apache.jmeter.report.processor.graph.impl.LatencyVSRequestGraphConsumer#stopProducing(): latencyVsRequest produced 0 samples
2024-12-03 09:06:16,070 INFO o.a.j.r.p.AbstractSampleConsumer: class org.apache.jmeter.report.processor.graph.impl.SyntheticResponseTimeDistributionGraphConsumer#stopProducing(): syntheticResponseTimeDistribution produced 0 samples
2024-12-03 09:06:16,070 INFO o.a.j.r.p.AbstractSampleConsumer: class org.apache.jmeter.report.processor.graph.impl.BytesThroughputGraphConsumer#stopProducing(): bytesThroughputOverTime produced 0 samples
2024-12-03 09:06:16,070 INFO o.a.j.r.p.AbstractSampleConsumer: class org.apache.jmeter.report.processor.graph.impl.CodesPerSecondGraphConsumer#stopProducing(): codesPerSecond produced 0 samples
2024-12-03 09:06:16,079 INFO o.a.j.r.p.AbstractSampleConsumer: class org.apache.jmeter.report.processor.graph.impl.ResponseTimeVSRequestGraphConsumer#stopProducing(): responseTimeVsRequest produced 0 samples
2024-12-03 09:06:16,080 INFO o.a.j.r.p.AbstractSampleConsumer: class org.apache.jmeter.report.processor.FilterConsumer#stopProducing(): startIntervalControlerFilter produced 1680 samples
2024-12-03 09:06:16,080 INFO o.a.j.r.p.AbstractSampleConsumer: class org.apache.jmeter.report.processor.graph.impl.TotalTPSGraphConsumer#stopProducing(): totalTPS produced 0 samples
2024-12-03 09:06:16,080 INFO o.a.j.r.p.AbstractSampleConsumer: class org.apache.jmeter.report.processor.graph.impl.ActiveThreadsGraphConsumer#stopProducing(): activeThreadsOverTime produced 0 samples
2024-12-03 09:06:16,080 INFO o.a.j.r.p.AbstractSampleConsumer: class org.apache.jmeter.report.processor.graph.impl.TimeVSThreadGraphConsumer#stopProducing(): timeVsThreads produced 0 samples
2024-12-03 09:06:16,080 INFO o.a.j.r.p.AbstractSampleConsumer: class org.apache.jmeter.report.processor.graph.impl.ResponseTimeDistributionGraphConsumer#stopProducing(): responseTimeDistribution produced 0 samples
2024-12-03 09:06:16,080 INFO o.a.j.r.p.AbstractSampleConsumer: class org.apache.jmeter.report.processor.graph.impl.TransactionsPerSecondGraphConsumer#stopProducing(): transactionsPerSecond produced 0 samples
2024-12-03 09:06:16,081 INFO o.a.j.r.p.AbstractSampleConsumer: class org.apache.jmeter.report.processor.graph.impl.ResponseTimePercentilesGraphConsumer#stopProducing(): responseTimePercentiles produced 0 samples
2024-12-03 09:06:16,083 INFO o.a.j.r.p.AbstractSampleConsumer: class org.apache.jmeter.report.processor.graph.impl.ResponseTimePercentilesOverTimeGraphConsumer#stopProducing(): responseTimePercentilesOverTime produced 0 samples
2024-12-03 09:06:16,083 INFO o.a.j.r.p.AbstractSampleConsumer: class org.apache.jmeter.report.processor.graph.impl.ResponseTimeOverTimeGraphConsumer#stopProducing(): responseTimesOverTime produced 0 samples
2024-12-03 09:06:16,084 INFO o.a.j.r.p.AbstractSampleConsumer: class org.apache.jmeter.report.processor.graph.impl.ConnectTimeOverTimeGraphConsumer#stopProducing(): connectTimeOverTime produced 0 samples
2024-12-03 09:06:16,084 INFO o.a.j.r.p.AbstractSampleConsumer: class org.apache.jmeter.report.processor.graph.impl.LatencyOverTimeGraphConsumer#stopProducing(): latenciesOverTime produced 0 samples
2024-12-03 09:06:16,084 INFO o.a.j.r.p.AbstractSampleConsumer: class org.apache.jmeter.report.processor.FilterConsumer#stopProducing(): nameFilter produced 3600 samples
2024-12-03 09:06:16,084 INFO o.a.j.r.p.AbstractSampleConsumer: class org.apache.jmeter.report.processor.FilterConsumer#stopProducing(): dateRangeFilter produced 720 samples
2024-12-03 09:06:16,084 INFO o.a.j.r.p.AbstractSampleConsumer: class org.apache.jmeter.report.processor.NormalizerSampleConsumer#stopProducing(): normalizer produced 240 samples
2024-12-03 09:06:16,086 INFO o.a.j.r.p.CsvFileSampleSource: produce(): 240 samples produced in 127ms on channel 0
2024-12-03 09:06:16,086 INFO o.a.j.r.d.ReportGenerator: Exporting data using exporter:'json' of className:'org.apache.jmeter.report.dashboard.JsonExporter'
2024-12-03 09:06:16,171 INFO o.a.j.r.d.JsonExporter: Found data for consumer statisticsSummary in context
2024-12-03 09:06:16,171 INFO o.a.j.r.d.JsonExporter: Creating statistics for overall
2024-12-03 09:06:16,171 INFO o.a.j.r.d.JsonExporter: Creating statistics for other transactions
2024-12-03 09:06:16,172 INFO o.a.j.r.d.JsonExporter: Checking output folder
2024-12-03 09:06:16,172 INFO o.a.j.r.d.JsonExporter: Writing statistics JSON to C:\Users\stlp\OneDrive\Desktop\589\Build\.\html-report\statistics.json
2024-12-03 09:06:16,219 INFO o.a.j.r.d.ReportGenerator: Exporting data using exporter:'html' of className:'org.apache.jmeter.report.dashboard.HtmlTemplateExporter'
2024-12-03 09:06:16,223 INFO o.a.j.r.d.HtmlTemplateExporter: Will generate dashboard in folder: C:\Users\stlp\OneDrive\Desktop\589\Build\.\html-report
2024-12-03 09:06:16,353 INFO o.a.j.r.d.HtmlTemplateExporter: Report will be generated in: C:\Users\stlp\OneDrive\Desktop\589\Build\.\html-report, creating folder structure
2024-12-03 09:06:16,356 INFO o.a.j.r.d.TemplateVisitor: Copying folder from 'C:\Users\stlp\Downloads\apache-jmeter-5.6.3\apache-jmeter-5.6.3\bin\report-template' to 'C:\Users\stlp\OneDrive\Desktop\589\Build\.\html-report', got message: C:\Users\stlp\OneDrive\Desktop\589\Build\.\html-report, found non empty folder with following content [C:\Users\stlp\OneDrive\Desktop\589\Build\.\html-report\statistics.json], will be ignored
2024-12-03 09:06:16,802 INFO o.a.j.JMeter: Dashboard generated
